<?xml version="1.0" encoding="UTF-8"?>
<!-- Generated by org.testng.reporters.JUnitXMLReporter -->
<testsuite hostname="LAPTOP-1KC8JUEU" ignored="7" name="Default test" tests="1" failures="0" timestamp="2021-10-12T09:10:14 PDT" time="18.663" errors="0">
  <testcase name="myContactView" time="8.453" classname="com.training.test.Contacts.ContactsTest"/>
  <testcase name="checkCancelBtn" time="0.0" classname="com.training.test.Contacts.ContactsTest">
    <ignored/>
  </testcase> <!-- checkCancelBtn -->
  <testcase name="errorMessage" time="0.0" classname="com.training.test.Contacts.ContactsTest">
    <ignored/>
  </testcase> <!-- errorMessage -->
  <testcase name="createView" time="0.0" classname="com.training.test.Contacts.ContactsTest">
    <ignored/>
  </testcase> <!-- createView -->
  <testcase name="checkSaveNewBtn" time="0.0" classname="com.training.test.Contacts.ContactsTest">
    <ignored/>
  </testcase> <!-- checkSaveNewBtn -->
  <testcase name="recentContact" time="0.0" classname="com.training.test.Contacts.ContactsTest">
    <ignored/>
  </testcase> <!-- recentContact -->
  <testcase name="viewContact" time="0.0" classname="com.training.test.Contacts.ContactsTest">
    <ignored/>
  </testcase> <!-- viewContact -->
  <testcase name="createNewContact" time="0.0" classname="com.training.test.Contacts.ContactsTest">
    <ignored/>
  </testcase> <!-- createNewContact -->
</testsuite> <!-- Default test -->
