<?xml version="1.0" encoding="UTF-8"?>
<!-- Generated by org.testng.reporters.JUnitXMLReporter -->
<testsuite hostname="LAPTOP-1KC8JUEU" ignored="0" name="Test" tests="5" failures="0" timestamp="2021-10-12T09:40:09 PDT" time="103.776" errors="0">
  <testcase name="nameDisplay" time="4.615" classname="com.training.test.RandomScenarios.RandomScenariosTest"/>
  <testcase name="editLastNameVerify" time="44.476" classname="com.training.test.RandomScenarios.RandomScenariosTest"/>
  <testcase name="tabCustomize" time="10.748" classname="com.training.test.RandomScenarios.RandomScenariosTest"/>
  <testcase name="blockCalendar" time="6.929" classname="com.training.test.RandomScenarios.RandomScenariosTest"/>
  <testcase name="blockWeeklyRecurrance" time="7.647" classname="com.training.test.RandomScenarios.RandomScenariosTest"/>
</testsuite> <!-- Test -->
